<?xml version="1.0" encoding="UTF-8"?>
<coverage generated="1774302517110" clover="3.2.0">
  <project timestamp="1774302517110" name="All files">
    <metrics statements="17" coveredstatements="17" conditionals="34" coveredconditionals="34" methods="3" coveredmethods="3" elements="54" coveredelements="54" complexity="0" loc="17" ncloc="17" packages="1" files="1" classes="1"/>
    <file name="SubmitButton.tsx" path="/home/celestine/Documents/sam/stellar-raise-contracts/frontend/components/forms/SubmitButton.tsx">
      <metrics statements="17" coveredstatements="17" conditionals="34" coveredconditionals="34" methods="3" coveredmethods="3"/>
      <line num="48" count="1" type="stmt"/>
      <line num="49" count="8" type="stmt"/>
      <line num="71" count="1" type="stmt"/>
      <line num="78" count="1" type="stmt"/>
      <line num="95" count="1" type="stmt"/>
      <line num="107" count="36" type="cond" truecount="3" falsecount="0"/>
      <line num="109" count="36" type="stmt"/>
      <line num="110" count="36" type="cond" truecount="4" falsecount="0"/>
      <line num="112" count="8" type="cond" truecount="4" falsecount="0"/>
      <line num="114" count="6" type="cond" truecount="4" falsecount="0"/>
      <line num="116" count="7" type="cond" truecount="4" falsecount="0"/>
      <line num="118" count="15" type="stmt"/>
      <line num="122" count="36" type="stmt"/>
      <line num="123" count="36" type="cond" truecount="2" falsecount="0"/>
      <line num="124" count="36" type="cond" truecount="2" falsecount="0"/>
      <line num="126" count="36" type="stmt"/>
      <line num="143" count="1" type="stmt"/>
<coverage generated="1774324319836" clover="3.2.0">
  <project timestamp="1774324319836" name="All files">
    <metrics statements="12" coveredstatements="12" conditionals="8" coveredconditionals="7" methods="5" coveredmethods="5" elements="25" coveredelements="24" complexity="0" loc="12" ncloc="12" packages="1" files="1" classes="1"/>
    <file name="frontend_global_error.tsx" path="/home/phantom-call/stellar-raise-contracts/frontend/components/frontend_global_error.tsx">
      <metrics statements="12" coveredstatements="12" conditionals="8" coveredconditionals="7" methods="5" coveredmethods="5"/>
      <line num="1" count="1" type="stmt"/>
      <line num="36" count="1" type="stmt"/>
      <line num="38" count="8" type="stmt"/>
      <line num="39" count="7" type="stmt"/>
      <line num="48" count="6" type="stmt"/>
      <line num="59" count="3" type="stmt"/>
      <line num="63" count="14" type="cond" truecount="2" falsecount="0"/>
      <line num="64" count="6" type="cond" truecount="2" falsecount="0"/>
      <line num="65" count="2" type="stmt"/>
      <line num="68" count="4" type="stmt"/>
      <line num="81" count="1" type="stmt"/>
      <line num="90" count="8" type="stmt"/>
<coverage generated="1774425925691" clover="3.2.0">
  <project timestamp="1774425925692" name="All files">
    <metrics statements="70" coveredstatements="69" conditionals="23" coveredconditionals="20" methods="16" coveredmethods="16" elements="109" coveredelements="105" complexity="0" loc="70" ncloc="70" packages="1" files="1" classes="1"/>
    <file name="css_variables_usage.tsx" path="/home/dafourius/Desktop/drip work/cro247/stellar-raise-contracts/frontend/utils/css_variables_usage.tsx">
      <metrics statements="70" coveredstatements="69" conditionals="23" coveredconditionals="20" methods="16" coveredmethods="16"/>
      <line num="14" count="1" type="stmt"/>
      <line num="168" count="1" type="stmt"/>
      <line num="169" count="1" type="stmt"/>
      <line num="170" count="1" type="stmt"/>
      <line num="171" count="1" type="stmt"/>
      <line num="172" count="1" type="stmt"/>
      <line num="173" count="1" type="stmt"/>
      <line num="174" count="1" type="stmt"/>
      <line num="175" count="1" type="stmt"/>
      <line num="181" count="1" type="stmt"/>
      <line num="201" count="1" type="stmt"/>
      <line num="207" count="1" type="stmt"/>
      <line num="218" count="1" type="stmt"/>
      <line num="220" count="31" type="stmt"/>
      <line num="221" count="31" type="stmt"/>
      <line num="229" count="1" type="stmt"/>
      <line num="238" count="46" type="cond" truecount="2" falsecount="0"/>
      <line num="239" count="7" type="stmt"/>
      <line num="245" count="39" type="cond" truecount="2" falsecount="0"/>
      <line num="246" count="10" type="stmt"/>
      <line num="251" count="29" type="stmt"/>
      <line num="261" count="25" type="cond" truecount="2" falsecount="0"/>
      <line num="262" count="14" type="stmt"/>
      <line num="266" count="11" type="stmt"/>
      <line num="274" count="2" type="stmt"/>
      <line num="282" count="1" type="stmt"/>
      <line num="290" count="27" type="cond" truecount="2" falsecount="0"/>
      <line num="302" count="13" type="stmt"/>
      <line num="305" count="13" type="stmt"/>
      <line num="308" count="9" type="stmt"/>
      <line num="309" count="9" type="stmt"/>
      <line num="312" count="9" type="cond" truecount="3" falsecount="0"/>
      <line num="323" count="10" type="stmt"/>
      <line num="326" count="10" type="stmt"/>
      <line num="329" count="8" type="stmt"/>
      <line num="332" count="5" type="stmt"/>
      <line num="342" count="2" type="stmt"/>
      <line num="345" count="2" type="stmt"/>
      <line num="348" count="1" type="stmt"/>
      <line num="359" count="2" type="stmt"/>
      <line num="361" count="2" type="stmt"/>
      <line num="362" count="3" type="stmt"/>
      <line num="363" count="3" type="stmt"/>
      <line num="364" count="3" type="stmt"/>
      <line num="367" count="2" type="stmt"/>
      <line num="376" count="5" type="stmt"/>
      <line num="377" count="6" type="cond" truecount="2" falsecount="0"/>
      <line num="378" count="5" type="stmt"/>
      <line num="390" count="3" type="stmt"/>
      <line num="391" count="3" type="stmt"/>
      <line num="392" count="1" type="stmt"/>
      <line num="402" count="31" type="stmt"/>
      <line num="403" count="31" type="cond" truecount="2" falsecount="0"/>
      <line num="418" count="1" type="stmt"/>
      <line num="419" count="2" type="cond" truecount="1" falsecount="1"/>
      <line num="420" count="0" type="cond" truecount="0" falsecount="2"/>
      <line num="423" count="2" type="stmt"/>
      <line num="424" count="2" type="stmt"/>
      <line num="437" count="1" type="stmt"/>
      <line num="439" count="5" type="cond" truecount="2" falsecount="0"/>
      <line num="443" count="5" type="stmt"/>
      <line num="445" count="4" type="cond" truecount="2" falsecount="0"/>
      <line num="446" count="1" type="stmt"/>
      <line num="448" count="3" type="stmt"/>
      <line num="456" count="1" type="stmt"/>
      <line num="458" count="3" type="stmt"/>
      <line num="459" count="2" type="stmt"/>
      <line num="473" count="1" type="stmt"/>
      <line num="474" count="1" type="stmt"/>
      <line num="478" count="1" type="stmt"/>
    </file>
  </project>
</coverage>
