TN:
SF:frontend/components/forms/SubmitButton.tsx
FN:48,(anonymous_0)
FN:95,(anonymous_1)
FN:109,(anonymous_2)
FNF:3
FNH:3
FNDA:8,(anonymous_0)
FNDA:36,(anonymous_1)
FNDA:36,(anonymous_2)
DA:48,1
DA:49,8
DA:71,1
DA:78,1
DA:95,1
DA:107,36
DA:109,36
DA:110,36
DA:112,8
DA:114,6
DA:116,7
DA:118,15
DA:122,36
DA:123,36
DA:124,36
DA:126,36
DA:143,1
LF:17
LH:17
BRDA:96,0,0,14
BRDA:101,1,0,32
BRDA:103,2,0,35
BRDA:104,3,0,35
BRDA:105,4,0,35
BRDA:107,5,0,36
BRDA:107,5,1,32
BRDA:107,5,2,24
BRDA:110,6,0,8
BRDA:110,6,1,6
BRDA:110,6,2,7
BRDA:110,6,3,15
BRDA:112,7,0,1
BRDA:112,7,1,7
BRDA:112,8,0,8
BRDA:112,8,1,8
BRDA:114,9,0,1
BRDA:114,9,1,5
BRDA:114,10,0,6
BRDA:114,10,1,6
BRDA:116,11,0,1
BRDA:116,11,1,6
BRDA:116,12,0,7
BRDA:116,12,1,7
BRDA:123,13,0,1
BRDA:123,13,1,35
BRDA:124,14,0,1
BRDA:124,14,1,35
BRDA:134,15,0,22
BRDA:134,15,1,14
BRDA:134,16,0,36
BRDA:134,16,1,21
BRDA:137,17,0,36
BRDA:137,17,1,8
BRF:34
BRH:34
SF:frontend/components/frontend_global_error.tsx
FN:37,(anonymous_0)
FN:47,(anonymous_1)
FN:57,(anonymous_2)
FN:62,(anonymous_3)
FN:81,(anonymous_4)
FNF:5
FNH:5
FNDA:8,(anonymous_0)
FNDA:6,(anonymous_1)
FNDA:3,(anonymous_2)
FNDA:14,(anonymous_3)
FNDA:1,(anonymous_4)
DA:1,1
DA:36,1
DA:38,8
DA:39,7
DA:48,6
DA:59,3
DA:63,14
DA:64,6
DA:65,2
DA:68,4
DA:81,1
DA:90,8
LF:12
LH:12
BRDA:63,0,0,6
BRDA:63,0,1,8
BRDA:64,1,0,2
BRDA:64,1,1,4
BRDA:78,2,0,0
BRDA:78,2,1,4
BRDA:78,3,0,4
BRDA:78,3,1,4
BRF:8
BRH:7
SF:frontend/utils/css_variables_usage.tsx
FN:219,(anonymous_0)
FN:236,(anonymous_1)
FN:260,(anonymous_2)
FN:273,(anonymous_3)
FN:289,(anonymous_4)
FN:300,(anonymous_5)
FN:321,(anonymous_6)
FN:340,(anonymous_7)
FN:358,(anonymous_8)
FN:375,(anonymous_9)
FN:389,(anonymous_10)
FN:401,(anonymous_11)
FN:418,useCssVariable
FN:437,cssVar
FN:456,cssCalc
FN:473,useDocsCssVariable
FNF:16
FNH:16
FNDA:31,(anonymous_0)
FNDA:46,(anonymous_1)
FNDA:25,(anonymous_2)
FNDA:2,(anonymous_3)
FNDA:27,(anonymous_4)
FNDA:13,(anonymous_5)
FNDA:10,(anonymous_6)
FNDA:2,(anonymous_7)
FNDA:2,(anonymous_8)
FNDA:5,(anonymous_9)
FNDA:3,(anonymous_10)
FNDA:31,(anonymous_11)
FNDA:2,useCssVariable
FNDA:5,cssVar
FNDA:3,cssCalc
FNDA:1,useDocsCssVariable
DA:14,1
DA:168,1
DA:169,1
DA:170,1
DA:171,1
DA:172,1
DA:173,1
DA:174,1
DA:175,1
DA:181,1
DA:201,1
DA:207,1
DA:218,1
DA:220,31
DA:221,31
DA:229,1
DA:238,46
DA:239,7
DA:245,39
DA:246,10
DA:251,29
DA:261,25
DA:262,14
DA:266,11
DA:274,2
DA:282,1
DA:290,27
DA:302,13
DA:305,13
DA:308,9
DA:309,9
DA:312,9
DA:323,10
DA:326,10
DA:329,8
DA:332,5
DA:342,2
DA:345,2
DA:348,1
DA:359,2
DA:361,2
DA:362,3
DA:363,3
DA:364,3
DA:367,2
DA:376,5
DA:377,6
DA:378,5
DA:390,3
DA:391,3
DA:392,1
DA:402,31
DA:403,31
DA:418,1
DA:419,2
DA:420,0
DA:423,2
DA:424,2
DA:437,1
DA:439,5
DA:443,5
DA:445,4
DA:446,1
DA:448,3
DA:456,1
DA:458,3
DA:459,2
DA:473,1
DA:474,1
DA:478,1
LF:70
LH:69
BRDA:238,0,0,7
BRDA:238,0,1,39
BRDA:245,1,0,10
BRDA:245,1,1,29
BRDA:261,2,0,14
BRDA:261,2,1,11
BRDA:290,3,0,27
BRDA:290,3,1,2
BRDA:312,4,0,9
BRDA:312,4,1,2
BRDA:312,4,2,1
BRDA:377,5,0,5
BRDA:377,5,1,1
BRDA:403,6,0,28
BRDA:403,6,1,3
BRDA:419,7,0,0
BRDA:419,7,1,2
BRDA:420,8,0,0
BRDA:420,8,1,0
BRDA:439,9,0,2
BRDA:439,9,1,3
BRDA:445,10,0,1
BRDA:445,10,1,3
BRF:23
BRH:20
end_of_record
